# JRE version: Java(TM) SE Runtime Environment (10.0.2+13) (build 10.0.2+13)
# Java VM: Java HotSpot(TM) 64-Bit Server VM (10.0.2+13, mixed mode, tiered, compressed oops, g1 gc, windows-amd64)
Heap:
 garbage-first heap   total 155648K, used 74184K [0x0000000082000000, 0x0000000100000000)
  region size 1024K, 65 young (66560K), 9 survivors (9216K)
 Metaspace       used 40530K, capacity 41480K, committed 41808K, reserved 1087488K
  class space    used 4538K, capacity 4883K, committed 4992K, reserved 1048576K
GC Heap History (10 events):
Event: 3.200 GC heap before
{Heap before GC invocations=4 (full 0):
 garbage-first heap   total 129024K, used 78836K [0x0000000082000000, 0x0000000100000000)
  region size 1024K, 75 young (76800K), 6 survivors (6144K)
 Metaspace       used 26315K, capacity 26842K, committed 27136K, reserved 1073152K
  class space    used 2835K, capacity 3020K, committed 3072K, reserved 1048576K
}
Event: 3.210 GC heap after
{Heap after GC invocations=5 (full 0):
 garbage-first heap   total 129024K, used 10105K [0x0000000082000000, 0x0000000100000000)
  region size 1024K, 7 young (7168K), 7 survivors (7168K)
 Metaspace       used 26315K, capacity 26842K, committed 27136K, reserved 1073152K
  class space    used 2835K, capacity 3020K, committed 3072K, reserved 1048576K
}
Event: 3.961 GC heap before
{Heap before GC invocations=5 (full 0):
 garbage-first heap   total 129024K, used 79737K [0x0000000082000000, 0x0000000100000000)
  region size 1024K, 75 young (76800K), 7 survivors (7168K)
 Metaspace       used 31217K, capacity 31843K, committed 32128K, reserved 1077248K
  class space    used 3397K, capacity 3640K, committed 3712K, reserved 1048576K
}
Event: 3.973 GC heap after
{Heap after GC invocations=6 (full 0):
 garbage-first heap   total 129024K, used 11717K [0x0000000082000000, 0x0000000100000000)
  region size 1024K, 6 young (6144K), 6 survivors (6144K)
 Metaspace       used 31217K, capacity 31843K, committed 32128K, reserved 1077248K
  class space    used 3397K, capacity 3640K, committed 3712K, reserved 1048576K
}
Event: 4.757 GC heap before
{Heap before GC invocations=6 (full 0):
 garbage-first heap   total 129024K, used 82373K [0x0000000082000000, 0x0000000100000000)
  region size 1024K, 75 young (76800K), 6 survivors (6144K)
 Metaspace       used 33766K, capacity 34511K, committed 34816K, reserved 1079296K
  class space    used 3720K, capacity 4008K, committed 4096K, reserved 1048576K
}
Event: 4.767 GC heap after
{Heap after GC invocations=7 (full 0):
 garbage-first heap   total 129024K, used 13483K [0x0000000082000000, 0x0000000100000000)
  region size 1024K, 6 young (6144K), 6 survivors (6144K)
 Metaspace       used 33766K, capacity 34511K, committed 34816K, reserved 1079296K
  class space    used 3720K, capacity 4008K, committed 4096K, reserved 1048576K
}
Event: 5.100 GC heap before
{Heap before GC invocations=7 (full 0):
 garbage-first heap   total 129024K, used 31915K [0x0000000082000000, 0x0000000100000000)
  region size 1024K, 25 young (25600K), 6 survivors (6144K)
 Metaspace       used 35070K, capacity 35793K, committed 35920K, reserved 1081344K
  class space    used 3876K, capacity 4175K, committed 4224K, reserved 1048576K
}
Event: 5.108 GC heap after
{Heap after GC invocations=8 (full 0):
 garbage-first heap   total 129024K, used 13845K [0x0000000082000000, 0x0000000100000000)
  region size 1024K, 6 young (6144K), 6 survivors (6144K)
 Metaspace       used 35070K, capacity 35793K, committed 35920K, reserved 1081344K
  class space    used 3876K, capacity 4175K, committed 4224K, reserved 1048576K
}
Event: 6.745 GC heap before
{Heap before GC invocations=9 (full 0):
 garbage-first heap   total 129024K, used 79381K [0x0000000082000000, 0x0000000100000000)
  region size 1024K, 70 young (71680K), 6 survivors (6144K)
 Metaspace       used 39353K, capacity 40351K, committed 40656K, reserved 1085440K
  class space    used 4398K, capacity 4784K, committed 4864K, reserved 1048576K
}
Event: 6.759 GC heap after
{Heap after GC invocations=10 (full 0):
 garbage-first heap   total 155648K, used 17864K [0x0000000082000000, 0x0000000100000000)
  region size 1024K, 9 young (9216K), 9 survivors (9216K)
 Metaspace       used 39353K, capacity 40351K, committed 40656K, reserved 1085440K
  class space    used 4398K, capacity 4784K, committed 4864K, reserved 1048576K
}

